<?xml version="1.0" encoding="UTF-8"?>
<!-- Generated by org.testng.reporters.JUnitReportReporter -->
<testsuite hostname="LAPTOP-95PD63JP" failures="0" tests="1" name="com.automation.newtours_application.tests.MainpageTest" time="2.688" errors="0" timestamp="2020-06-01T22:41:19 CDT" skipped="0">
  <testcase classname="com.automation.newtours_application.tests.MainpageTest" name="logintest" time="2.688"/>
  <system-out/>
</testsuite> <!-- com.automation.newtours_application.tests.MainpageTest -->
